fyssa-android/build/outputs/logs/manifest-merger-debug-report.txt
-- Merging decision tree log ---
manifest
ADDED from src/main/AndroidManifest.xml:2:1-133:12
	package
		ADDED from src/main/AndroidManifest.xml:3:11-48
		INJECTED from src/main/AndroidManifest.xml
		INJECTED from src/main/AndroidManifest.xml
	android:versionName
		INJECTED from src/main/AndroidManifest.xml
		INJECTED from src/main/AndroidManifest.xml
	xmlns:android
		ADDED from src/main/AndroidManifest.xml:2:11-69
	android:versionCode
		INJECTED from src/main/AndroidManifest.xml
		INJECTED from src/main/AndroidManifest.xml
uses-permission#android.permission.WRITE_EXTERNAL_STORAGE
ADDED from src/main/AndroidManifest.xml:5:5-80
	android:name
		ADDED from src/main/AndroidManifest.xml:5:22-78
uses-permission#android.permission.READ_EXTERNAL_STORAGE
ADDED from src/main/AndroidManifest.xml:6:5-79
	android:name
		ADDED from src/main/AndroidManifest.xml:6:22-77
uses-permission#android.permission.INTERNET
ADDED from src/main/AndroidManifest.xml:7:5-66
	android:name
		ADDED from src/main/AndroidManifest.xml:7:22-64
uses-permission#android.permission.ACCESS_NETWORK_STATE
ADDED from src/main/AndroidManifest.xml:8:5-78
	android:name
		ADDED from src/main/AndroidManifest.xml:8:22-76
uses-permission#android.permission.ACCESS_COARSE_LOCATION
ADDED from src/main/AndroidManifest.xml:9:5-80
	android:name
		ADDED from src/main/AndroidManifest.xml:9:22-78
uses-permission#android.permission.GET_ACCOUNTS
ADDED from src/main/AndroidManifest.xml:10:5-70
	android:name
		ADDED from src/main/AndroidManifest.xml:10:22-68
uses-permission#android.permission.BLUETOOTH
ADDED from src/main/AndroidManifest.xml:11:5-67
MERGED from [com.polidea.rxandroidble:rxandroidble:1.4.3] AndroidManifest.xml:11:5-68
MERGED from [no.nordicsemi.android:dfu:1.6.0] AndroidManifest.xml:11:5-68
	android:name
		ADDED from src/main/AndroidManifest.xml:11:22-65
uses-permission#android.permission.MANAGE_DOCUMENTS
ADDED from src/main/AndroidManifest.xml:12:5-74
	android:name
		ADDED from src/main/AndroidManifest.xml:12:22-72
uses-feature#android.hardware.bluetooth_le
ADDED from src/main/AndroidManifest.xml:14:5-16:34
	android:required
		ADDED from src/main/AndroidManifest.xml:16:9-32
	android:name
		ADDED from src/main/AndroidManifest.xml:15:9-53
application
ADDED from src/main/AndroidManifest.xml:18:5-131:19
MERGED from [com.polidea.rxandroidble:rxandroidble:1.4.3] AndroidManifest.xml:16:5-53
MERGED from [com.jjoe64:graphview:4.2.1] AndroidManifest.xml:11:5-12:19
MERGED from [com.google.android.gms:play-services-drive:11.0.1] AndroidManifest.xml:18:5-19
MERGED from [com.google.android.gms:play-services-auth:11.0.1] AndroidManifest.xml:19:5-25:19
MERGED from [com.google.android.gms:play-services-base:11.0.1] AndroidManifest.xml:18:5-20:19
MERGED from [com.google.android.gms:play-services-tasks:11.0.1] AndroidManifest.xml:4:5-19
MERGED from [com.google.android.gms:play-services-basement:11.0.1] AndroidManifest.xml:19:5-21:19
MERGED from [com.android.support:support-v4:25.2.0] AndroidManifest.xml:25:5-20
MERGED from [com.android.support:support-media-compat:25.2.0] AndroidManifest.xml:25:5-20
MERGED from [pub.devrel:easypermissions:0.2.1] AndroidManifest.xml:12:5-20
MERGED from [android.arch.lifecycle:runtime:1.0.0] AndroidManifest.xml:24:5-28:19
MERGED from [com.android.support.constraint:constraint-layout:1.0.2] AndroidManifest.xml:9:5-20
	android:label
		ADDED from src/main/AndroidManifest.xml:22:9-41
	android:supportsRtl
		ADDED from src/main/AndroidManifest.xml:23:9-35
	android:allowBackup
		ADDED from src/main/AndroidManifest.xml:20:9-35
	android:icon
		ADDED from src/main/AndroidManifest.xml:21:9-43
	android:theme
		ADDED from src/main/AndroidManifest.xml:24:9-40
	android:name
		ADDED from src/main/AndroidManifest.xml:19:9-34
activity#com.pietu.fyssasensori.FyssaMainActivity
ADDED from src/main/AndroidManifest.xml:26:9-35:20
	android:screenOrientation
		ADDED from src/main/AndroidManifest.xml:28:13-49
	android:name
		ADDED from src/main/AndroidManifest.xml:27:13-68
intent-filter#android.intent.action.MAIN+android.intent.action.MY_ACTION+android.intent.category.LAUNCHER
ADDED from src/main/AndroidManifest.xml:29:13-34:29
action#android.intent.action.MAIN
ADDED from src/main/AndroidManifest.xml:30:17-68
	android:name
		ADDED from src/main/AndroidManifest.xml:30:25-66
action#android.intent.action.MY_ACTION
ADDED from src/main/AndroidManifest.xml:31:17-73
	android:name
		ADDED from src/main/AndroidManifest.xml:31:25-71
category#android.intent.category.LAUNCHER
ADDED from src/main/AndroidManifest.xml:33:17-76
	android:name
		ADDED from src/main/AndroidManifest.xml:33:27-74
activity#com.movesense.mds.sampleapp.example_app_using_mds_api.tests.LedTestActivity
ADDED from src/main/AndroidManifest.xml:39:9-41:51
	android:screenOrientation
		ADDED from src/main/AndroidManifest.xml:41:13-49
	android:name
		ADDED from src/main/AndroidManifest.xml:40:13-76
activity#com.movesense.mds.sampleapp.example_app_using_mds_api.tests.LinearAccelerationTestActivity
ADDED from src/main/AndroidManifest.xml:42:9-44:51
	android:screenOrientation
		ADDED from src/main/AndroidManifest.xml:44:13-49
	android:name
		ADDED from src/main/AndroidManifest.xml:43:13-91
activity#com.movesense.mds.sampleapp.example_app_using_mds_api.tests.HeartRateTestActivity
ADDED from src/main/AndroidManifest.xml:45:9-47:51
	android:screenOrientation
		ADDED from src/main/AndroidManifest.xml:47:13-49
	android:name
		ADDED from src/main/AndroidManifest.xml:46:13-82
activity#com.movesense.mds.sampleapp.example_app_using_mds_api.tests.TemperatureTestActivity
ADDED from src/main/AndroidManifest.xml:48:9-50:51
	android:screenOrientation
		ADDED from src/main/AndroidManifest.xml:50:13-49
	android:name
		ADDED from src/main/AndroidManifest.xml:49:13-84
activity#com.movesense.mds.sampleapp.example_app_using_mds_api.tests.MagneticFieldTestActivity
ADDED from src/main/AndroidManifest.xml:51:9-53:51
	android:screenOrientation
		ADDED from src/main/AndroidManifest.xml:53:13-49
	android:name
		ADDED from src/main/AndroidManifest.xml:52:13-86
activity#com.movesense.mds.sampleapp.example_app_using_mds_api.tests.AngularVelocityActivity
ADDED from src/main/AndroidManifest.xml:54:9-56:51
	android:screenOrientation
		ADDED from src/main/AndroidManifest.xml:56:13-49
	android:name
		ADDED from src/main/AndroidManifest.xml:55:13-84
activity#com.movesense.mds.sampleapp.example_app_using_mds_api.tests.MultiSubscribeActivity
ADDED from src/main/AndroidManifest.xml:57:9-59:51
	android:screenOrientation
		ADDED from src/main/AndroidManifest.xml:59:13-49
	android:name
		ADDED from src/main/AndroidManifest.xml:58:13-83
activity#com.movesense.mds.sampleapp.example_app_using_mds_api.SendLogsToGoogleDriveActivity
ADDED from src/main/AndroidManifest.xml:60:9-62:51
	android:screenOrientation
		ADDED from src/main/AndroidManifest.xml:62:13-49
	android:name
		ADDED from src/main/AndroidManifest.xml:61:13-84
provider#android.support.v4.content.FileProvider
ADDED from src/main/AndroidManifest.xml:64:9-72:20
	android:authorities
		ADDED from src/main/AndroidManifest.xml:66:13-51
		INJECTED from src/main/AndroidManifest.xml
	android:grantUriPermissions
		ADDED from src/main/AndroidManifest.xml:68:13-47
	android:exported
		ADDED from src/main/AndroidManifest.xml:67:13-37
	android:name
		ADDED from src/main/AndroidManifest.xml:65:13-67
meta-data#android.support.FILE_PROVIDER_PATHS
ADDED from src/main/AndroidManifest.xml:69:13-71:62
	android:resource
		ADDED from src/main/AndroidManifest.xml:71:17-60
	android:name
		ADDED from src/main/AndroidManifest.xml:70:17-67
service#com.movesense.mds.sampleapp.example_app_using_mds_api.dfu.DfuService
ADDED from src/main/AndroidManifest.xml:74:9-77:38
	android:enabled
		ADDED from src/main/AndroidManifest.xml:76:13-35
	android:exported
		ADDED from src/main/AndroidManifest.xml:77:13-36
	android:name
		ADDED from src/main/AndroidManifest.xml:75:13-69
receiver#com.movesense.mds.sampleapp.example_app_using_mds_api.adb.AdbBridge
ADDED from src/main/AndroidManifest.xml:79:9-86:20
	android:enabled
		ADDED from src/main/AndroidManifest.xml:81:13-35
	android:exported
		ADDED from src/main/AndroidManifest.xml:82:13-36
	android:name
		ADDED from src/main/AndroidManifest.xml:80:13-68
intent-filter#android.intent.action.MOVESENSE
ADDED from src/main/AndroidManifest.xml:83:13-85:29
action#android.intent.action.MOVESENSE
ADDED from src/main/AndroidManifest.xml:84:17-73
	android:name
		ADDED from src/main/AndroidManifest.xml:84:25-71
activity#com.movesense.mds.sampleapp.example_app_using_mds_api.mainView.MainViewActivity
ADDED from src/main/AndroidManifest.xml:88:9-94:20
	android:screenOrientation
		ADDED from src/main/AndroidManifest.xml:90:13-49
	android:name
		ADDED from src/main/AndroidManifest.xml:89:13-80
intent-filter#android.intent.action.MY_ACTION
ADDED from src/main/AndroidManifest.xml:91:13-93:29
activity#com.movesense.mds.sampleapp.example_app_using_mds_api.movesense.MovesenseActivity
ADDED from src/main/AndroidManifest.xml:95:9-97:51
	android:screenOrientation
		ADDED from src/main/AndroidManifest.xml:97:13-49
	android:name
		ADDED from src/main/AndroidManifest.xml:96:13-82
activity#com.movesense.mds.sampleapp.example_app_using_mds_api.multi_connection.connection.MultiConnectionActivity
ADDED from src/main/AndroidManifest.xml:98:9-100:51
	android:screenOrientation
		ADDED from src/main/AndroidManifest.xml:100:13-49
	android:name
		ADDED from src/main/AndroidManifest.xml:99:13-106
activity#com.movesense.mds.sampleapp.example_app_using_mds_api.saved_data.SavedDataActivity
ADDED from src/main/AndroidManifest.xml:101:9-103:51
	android:screenOrientation
		ADDED from src/main/AndroidManifest.xml:103:13-49
	android:name
		ADDED from src/main/AndroidManifest.xml:102:13-83
activity#com.movesense.mds.sampleapp.example_app_using_mds_api.about.AboutActivity
ADDED from src/main/AndroidManifest.xml:104:9-106:51
	android:screenOrientation
		ADDED from src/main/AndroidManifest.xml:106:13-49
	android:name
		ADDED from src/main/AndroidManifest.xml:105:13-74
activity#com.movesense.mds.sampleapp.example_app_using_mds_api.sensors.sensors_list.SensorListActivity
ADDED from src/main/AndroidManifest.xml:107:9-110:20
	android:screenOrientation
		ADDED from src/main/AndroidManifest.xml:109:13-49
	android:name
		ADDED from src/main/AndroidManifest.xml:108:13-94
activity#com.movesense.mds.sampleapp.example_app_using_mds_api.dfu.DfuActivity2
ADDED from src/main/AndroidManifest.xml:111:9-114:20
	android:screenOrientation
		ADDED from src/main/AndroidManifest.xml:113:13-49
	android:name
		ADDED from src/main/AndroidManifest.xml:112:13-71
activity#com.movesense.mds.sampleapp.example_app_using_mds_api.multi_connection.sensor_usage.MultiSensorUsageActivity
ADDED from src/main/AndroidManifest.xml:115:9-118:20
	android:screenOrientation
		ADDED from src/main/AndroidManifest.xml:117:13-49
	android:name
		ADDED from src/main/AndroidManifest.xml:116:13-109
activity#com.movesense.mds.sampleapp.example_app_using_mds_api.tests.EcgActivity
ADDED from src/main/AndroidManifest.xml:119:9-122:20
	android:screenOrientation
		ADDED from src/main/AndroidManifest.xml:121:13-49
	android:name
		ADDED from src/main/AndroidManifest.xml:120:13-72
activity#com.movesense.mds.sampleapp.example_app_using_mds_api.tests.BatteryActivity
ADDED from src/main/AndroidManifest.xml:123:9-126:20
	android:screenOrientation
		ADDED from src/main/AndroidManifest.xml:125:13-49
	android:name
		ADDED from src/main/AndroidManifest.xml:124:13-76
activity#com.movesense.mds.sampleapp.example_app_using_mds_api.tests.AppInfoActivity
ADDED from src/main/AndroidManifest.xml:127:9-130:20
	android:screenOrientation
		ADDED from src/main/AndroidManifest.xml:129:13-49
	android:name
		ADDED from src/main/AndroidManifest.xml:128:13-76
uses-sdk
INJECTED from src/main/AndroidManifest.xml reason: use-sdk injection requested
MERGED from [com.android.support:recyclerview-v7:27.0.0] AndroidManifest.xml:20:5-44
MERGED from [com.polidea.rxandroidble:rxandroidble:1.4.3] AndroidManifest.xml:7:5-9:41
MERGED from [com.artemzin.rxjava:proguard-rules:1.3.2.0] AndroidManifest.xml:8:5-43
MERGED from [io.reactivex:rxandroid:1.2.1] AndroidManifest.xml:19:5-43
MERGED from [:mdslib:1.10.0(1)-release] AndroidManifest.xml:8:5-10:41
MERGED from [com.jakewharton:butterknife:8.5.1] AndroidManifest.xml:5:5-43
MERGED from [com.jjoe64:graphview:4.2.1] AndroidManifest.xml:7:5-9:41
MERGED from [com.google.android.gms:play-services-drive:11.0.1] AndroidManifest.xml:17:5-43
MERGED from [com.google.android.gms:play-services-auth:11.0.1] AndroidManifest.xml:17:5-43
MERGED from [com.google.android.gms:play-services-auth-base:11.0.1] AndroidManifest.xml:4:5-43
MERGED from [com.google.android.gms:play-services-base:11.0.1] AndroidManifest.xml:17:5-43
MERGED from [com.google.android.gms:play-services-tasks:11.0.1] AndroidManifest.xml:3:5-43
MERGED from [com.google.android.gms:play-services-basement:11.0.1] AndroidManifest.xml:17:5-43
MERGED from [com.android.support:support-v4:25.2.0] AndroidManifest.xml:21:5-23:54
MERGED from [com.android.support:support-media-compat:25.2.0] AndroidManifest.xml:21:5-23:63
MERGED from [pub.devrel:easypermissions:0.2.1] AndroidManifest.xml:8:5-10:41
MERGED from [com.android.support:appcompat-v7:27.0.0] AndroidManifest.xml:20:5-44
MERGED from [com.android.support:support-fragment:27.0.0] AndroidManifest.xml:20:5-44
MERGED from [com.android.support:animated-vector-drawable:27.0.0] AndroidManifest.xml:20:5-44
MERGED from [com.android.support:support-vector-drawable:27.0.0] AndroidManifest.xml:20:5-44
MERGED from [com.android.support:support-core-ui:27.0.0] AndroidManifest.xml:20:5-44
MERGED from [no.nordicsemi.android:dfu:1.6.0] AndroidManifest.xml:7:5-9:41
MERGED from [com.android.support:support-core-utils:27.0.0] AndroidManifest.xml:20:5-44
MERGED from [com.android.support:support-compat:27.0.0] AndroidManifest.xml:20:5-44
MERGED from [android.arch.lifecycle:runtime:1.0.0] AndroidManifest.xml:20:5-22:41
MERGED from [com.android.support.constraint:constraint-layout:1.0.2] AndroidManifest.xml:5:5-7:41
	tools:overrideLibrary
		ADDED from [com.android.support:support-v4:25.2.0] AndroidManifest.xml:23:9-51
	android:targetSdkVersion
		INJECTED from src/main/AndroidManifest.xml
		INJECTED from src/main/AndroidManifest.xml
	android:minSdkVersion
		INJECTED from src/main/AndroidManifest.xml
		INJECTED from src/main/AndroidManifest.xml
uses-permission#android.permission.BLUETOOTH_ADMIN
ADDED from [com.polidea.rxandroidble:rxandroidble:1.4.3] AndroidManifest.xml:12:5-74
MERGED from [no.nordicsemi.android:dfu:1.6.0] AndroidManifest.xml:12:5-74
	android:name
		ADDED from [com.polidea.rxandroidble:rxandroidble:1.4.3] AndroidManifest.xml:12:22-71
uses-permission-sdk-23
ADDED from [com.polidea.rxandroidble:rxandroidble:1.4.3] AndroidManifest.xml:14:5-88
	android:name
		ADDED from [com.polidea.rxandroidble:rxandroidble:1.4.3] AndroidManifest.xml:14:29-85
activity#com.google.android.gms.auth.api.signin.internal.SignInHubActivity
ADDED from [com.google.android.gms:play-services-auth:11.0.1] AndroidManifest.xml:20:9-189
	android:excludeFromRecents
		ADDED from [com.google.android.gms:play-services-auth:11.0.1] AndroidManifest.xml:20:129-162
	android:exported
		ADDED from [com.google.android.gms:play-services-auth:11.0.1] AndroidManifest.xml:20:163-187
	android:theme
		ADDED from [com.google.android.gms:play-services-auth:11.0.1] AndroidManifest.xml:20:69-128
	android:name
		ADDED from [com.google.android.gms:play-services-auth:11.0.1] AndroidManifest.xml:20:19-68
service#com.google.android.gms.auth.api.signin.RevocationBoundService
ADDED from [com.google.android.gms:play-services-auth:11.0.1] AndroidManifest.xml:24:9-184
	android:exported
		ADDED from [com.google.android.gms:play-services-auth:11.0.1] AndroidManifest.xml:24:64-87
	android:permission
		ADDED from [com.google.android.gms:play-services-auth:11.0.1] AndroidManifest.xml:24:88-182
	android:name
		ADDED from [com.google.android.gms:play-services-auth:11.0.1] AndroidManifest.xml:24:18-63
activity#com.google.android.gms.common.api.GoogleApiActivity
ADDED from [com.google.android.gms:play-services-base:11.0.1] AndroidManifest.xml:19:9-172
	android:exported
		ADDED from [com.google.android.gms:play-services-base:11.0.1] AndroidManifest.xml:19:146-170
	android:theme
		ADDED from [com.google.android.gms:play-services-base:11.0.1] AndroidManifest.xml:19:86-145
	android:name
		ADDED from [com.google.android.gms:play-services-base:11.0.1] AndroidManifest.xml:19:19-85
meta-data#com.google.android.gms.version
ADDED from [com.google.android.gms:play-services-basement:11.0.1] AndroidManifest.xml:20:9-121
	android:value
		ADDED from [com.google.android.gms:play-services-basement:11.0.1] AndroidManifest.xml:20:66-119
	android:name
		ADDED from [com.google.android.gms:play-services-basement:11.0.1] AndroidManifest.xml:20:20-65
meta-data#android.arch.lifecycle.VERSION
ADDED from [android.arch.lifecycle:runtime:1.0.0] AndroidManifest.xml:25:9-27:47
	android:value
		ADDED from [android.arch.lifecycle:runtime:1.0.0] AndroidManifest.xml:27:13-44
	android:name
		ADDED from [android.arch.lifecycle:runtime:1.0.0] AndroidManifest.xml:26:13-58